  H_Txt_read.h
C:\Users\gtg06\Documents\GitHub\bird_sprite_2\bird_strike_2\H_Crow.h(21,35): warning C4244: '초기화 중': 'double'에서 'int'(으)로 변환하면서 데이터가 손실될 수 있습니다.
C:\Users\gtg06\Documents\GitHub\bird_sprite_2\bird_strike_2\H_Crow.h(24,21): warning C4305: '초기화 중': 'double'에서 'float'(으)로 잘립니다.
C:\Users\gtg06\Documents\GitHub\bird_sprite_2\bird_strike_2\H_Crow.h(24,27): warning C4305: '초기화 중': 'double'에서 'float'(으)로 잘립니다.
  Main.cpp
C:\Users\gtg06\Documents\GitHub\bird_sprite_2\bird_strike_2\H_Crow.h(21,35): warning C4244: '초기화 중': 'double'에서 'int'(으)로 변환하면서 데이터가 손실될 수 있습니다.
C:\Users\gtg06\Documents\GitHub\bird_sprite_2\bird_strike_2\H_Crow.h(24,21): warning C4305: '초기화 중': 'double'에서 'float'(으)로 잘립니다.
C:\Users\gtg06\Documents\GitHub\bird_sprite_2\bird_strike_2\H_Crow.h(24,27): warning C4305: '초기화 중': 'double'에서 'float'(으)로 잘립니다.
C:\Users\gtg06\Documents\GitHub\bird_sprite_2\bird_strike_2\Main.cpp(37,5): warning C4305: '초기화 중': 'double'에서 'float'(으)로 잘립니다.
C:\Users\gtg06\Documents\GitHub\bird_sprite_2\bird_strike_2\Main.cpp(85,71): warning C4244: '인수': 'float'에서 'int'(으)로 변환하면서 데이터가 손실될 수 있습니다.
C:\Users\gtg06\Documents\GitHub\bird_sprite_2\bird_strike_2\Main.cpp(85,55): warning C4244: '인수': 'float'에서 'int'(으)로 변환하면서 데이터가 손실될 수 있습니다.
C:\Users\gtg06\Documents\GitHub\bird_sprite_2\bird_strike_2\Main.cpp(86,71): warning C4244: '인수': 'float'에서 'int'(으)로 변환하면서 데이터가 손실될 수 있습니다.
C:\Users\gtg06\Documents\GitHub\bird_sprite_2\bird_strike_2\Main.cpp(86,55): warning C4244: '인수': 'float'에서 'int'(으)로 변환하면서 데이터가 손실될 수 있습니다.
C:\Users\gtg06\Documents\GitHub\bird_sprite_2\bird_strike_2\Main.cpp(101,36): warning C4305: '-=': 'double'에서 'float'(으)로 잘립니다.
C:\Users\gtg06\Documents\GitHub\bird_sprite_2\bird_strike_2\Main.cpp(104,36): warning C4305: '+=': 'double'에서 'float'(으)로 잘립니다.
C:\Users\gtg06\Documents\GitHub\bird_sprite_2\bird_strike_2\Main.cpp(107,36): warning C4305: '+=': 'double'에서 'float'(으)로 잘립니다.
C:\Users\gtg06\Documents\GitHub\bird_sprite_2\bird_strike_2\Main.cpp(110,36): warning C4305: '-=': 'double'에서 'float'(으)로 잘립니다.
C:\Users\gtg06\Documents\GitHub\bird_sprite_2\bird_strike_2\Main.cpp(120,31): warning C4305: '=': 'double'에서 'float'(으)로 잘립니다.
C:\Users\gtg06\Documents\GitHub\bird_sprite_2\bird_strike_2\Main.cpp(123,31): warning C4305: '=': 'double'에서 'float'(으)로 잘립니다.
  S_Beat_system.cpp
C:\Users\gtg06\Documents\GitHub\bird_sprite_2\bird_strike_2\H_Crow.h(21,35): warning C4244: '초기화 중': 'double'에서 'int'(으)로 변환하면서 데이터가 손실될 수 있습니다.
C:\Users\gtg06\Documents\GitHub\bird_sprite_2\bird_strike_2\H_Crow.h(24,21): warning C4305: '초기화 중': 'double'에서 'float'(으)로 잘립니다.
C:\Users\gtg06\Documents\GitHub\bird_sprite_2\bird_strike_2\H_Crow.h(24,27): warning C4305: '초기화 중': 'double'에서 'float'(으)로 잘립니다.
C:\Users\gtg06\Documents\GitHub\bird_sprite_2\bird_strike_2\S_Beat_system.cpp(34,20): warning C4244: '초기화 중': 'double'에서 'int'(으)로 변환하면서 데이터가 손실될 수 있습니다.
C:\Users\gtg06\Documents\GitHub\bird_sprite_2\bird_strike_2\S_Beat_system.cpp(98,20): warning C4244: '초기화 중': 'double'에서 'int'(으)로 변환하면서 데이터가 손실될 수 있습니다.
C:\Users\gtg06\Documents\GitHub\bird_sprite_2\bird_strike_2\S_Beat_system.cpp(161,28): warning C4244: '초기화 중': 'long double'에서 'int'(으)로 변환하면서 데이터가 손실될 수 있습니다.
  S_Crow.cpp
C:\Users\gtg06\Documents\GitHub\bird_sprite_2\bird_strike_2\H_Crow.h(21,35): warning C4244: '초기화 중': 'double'에서 'int'(으)로 변환하면서 데이터가 손실될 수 있습니다.
C:\Users\gtg06\Documents\GitHub\bird_sprite_2\bird_strike_2\H_Crow.h(24,21): warning C4305: '초기화 중': 'double'에서 'float'(으)로 잘립니다.
C:\Users\gtg06\Documents\GitHub\bird_sprite_2\bird_strike_2\H_Crow.h(24,27): warning C4305: '초기화 중': 'double'에서 'float'(으)로 잘립니다.
C:\Users\gtg06\Documents\GitHub\bird_sprite_2\bird_strike_2\S_Crow.cpp(49,38): warning C4244: '인수': 'int'에서 'float'(으)로 변환하면서 데이터가 손실될 수 있습니다.
C:\Users\gtg06\Documents\GitHub\bird_sprite_2\bird_strike_2\S_Crow.cpp(49,34): warning C4244: '인수': 'float'에서 'int'(으)로 변환하면서 데이터가 손실될 수 있습니다.
C:\Users\gtg06\Documents\GitHub\bird_sprite_2\bird_strike_2\S_Crow.cpp(49,22): warning C4244: '인수': 'float'에서 'int'(으)로 변환하면서 데이터가 손실될 수 있습니다.
C:\Users\gtg06\Documents\GitHub\bird_sprite_2\bird_strike_2\S_Crow.cpp(133,33): warning C4244: '=': 'int'에서 'float'(으)로 변환하면서 데이터가 손실될 수 있습니다.
C:\Users\gtg06\Documents\GitHub\bird_sprite_2\bird_strike_2\S_Crow.cpp(139,16): warning C4244: '=': 'int'에서 'float'(으)로 변환하면서 데이터가 손실될 수 있습니다.
C:\Users\gtg06\Documents\GitHub\bird_sprite_2\bird_strike_2\S_Crow.cpp(145,34): warning C4244: '=': 'int'에서 'float'(으)로 변환하면서 데이터가 손실될 수 있습니다.
C:\Users\gtg06\Documents\GitHub\bird_sprite_2\bird_strike_2\S_Crow.cpp(151,16): warning C4244: '=': 'int'에서 'float'(으)로 변환하면서 데이터가 손실될 수 있습니다.
C:\Users\gtg06\Documents\GitHub\bird_sprite_2\bird_strike_2\S_Crow.cpp(188,29): warning C4244: '=': 'int'에서 'float'(으)로 변환하면서 데이터가 손실될 수 있습니다.
C:\Users\gtg06\Documents\GitHub\bird_sprite_2\bird_strike_2\S_Crow.cpp(222,18): warning C4305: '초기화 중': 'double'에서 'float'(으)로 잘립니다.
C:\Users\gtg06\Documents\GitHub\bird_sprite_2\bird_strike_2\S_Crow.cpp(222,24): warning C4305: '초기화 중': 'double'에서 'float'(으)로 잘립니다.
C:\Users\gtg06\Documents\GitHub\bird_sprite_2\bird_strike_2\S_Crow.cpp(240,67): warning C4244: '인수': 'int'에서 'float'(으)로 변환하면서 데이터가 손실될 수 있습니다.
C:\Users\gtg06\Documents\GitHub\bird_sprite_2\bird_strike_2\S_Crow.cpp(240,54): warning C4244: '인수': 'int'에서 'float'(으)로 변환하면서 데이터가 손실될 수 있습니다.
C:\Users\gtg06\Documents\GitHub\bird_sprite_2\bird_strike_2\S_Crow.cpp(271,13): warning C4267: '초기화 중': 'size_t'에서 'int'(으)로 변환하면서 데이터가 손실될 수 있습니다.
C:\Users\gtg06\Documents\GitHub\bird_sprite_2\bird_strike_2\S_Crow.cpp(361,13): warning C4267: '초기화 중': 'size_t'에서 'int'(으)로 변환하면서 데이터가 손실될 수 있습니다.
C:\Users\gtg06\Documents\GitHub\bird_sprite_2\bird_strike_2\S_Crow.cpp(387,19): warning C4267: 'return': 'size_t'에서 'int'(으)로 변환하면서 데이터가 손실될 수 있습니다.
C:\Program Files\Microsoft Visual Studio\2022\Community\VC\Tools\MSVC\14.37.32822\include\tuple(144,47): warning C4244: '초기화 중': '_Ty'에서 '_Ty'(으)로 변환하면서 데이터가 손실될 수 있습니다.
          with
          [
              _Ty=int
          ]
          and
          [
              _Ty=float
          ]
C:\Program Files\Microsoft Visual Studio\2022\Community\VC\Tools\MSVC\14.37.32822\include\tuple(317,102): message : 컴파일되는 함수 템플릿 인스턴스화 'std::_Tuple_val<_This>::_Tuple_val<_Ty>(_Other &&)'에 대한 참조를 확인하세요.
          with
          [
              _This=float,
              _Ty=int,
              _Other=int
          ]
C:\Program Files\Microsoft Visual Studio\2022\Community\VC\Tools\MSVC\14.37.32822\include\tuple(317,18): message : 컴파일되는 함수 템플릿 인스턴스화 'std::tuple<float>::tuple<std::_Exact_args_t,_Ty,,0>(_Tag,_This2 &&)'에 대한 참조를 확인하세요.
          with
          [
              _Ty=int,
              _Tag=std::_Exact_args_t,
              _This2=int
          ]
C:\Program Files\Microsoft Visual Studio\2022\Community\VC\Tools\MSVC\14.37.32822\include\tuple(363,16): message : 컴파일되는 함수 템플릿 인스턴스화 'std::tuple<std::string,float>::tuple<std::_Exact_args_t,const char(&)[10],_Ty,0>(_Tag,_This2,_Ty &&)'에 대한 참조를 확인하세요.
          with
          [
              _Ty=int,
              _Tag=std::_Exact_args_t,
              _This2=const char (&)[10]
          ]
C:\Users\gtg06\Documents\GitHub\bird_sprite_2\bird_strike_2\S_Crow.cpp(300,21): message : 컴파일되는 함수 템플릿 인스턴스화 'std::tuple<std::string,float>::tuple<const char(&)[10],int,0>(_This2,int &&) noexcept(false)'에 대한 참조를 확인하세요.
          with
          [
              _This2=const char (&)[10]
          ]
C:\Users\gtg06\Documents\GitHub\bird_sprite_2\bird_strike_2\S_Crow.cpp(300,19): message : 'check_game_over'에서 'std::tuple<std::string,float>::tuple'에 대한 첫 번째 참조를 확인하세요.
  S_Drag.cpp
C:\Users\gtg06\Documents\GitHub\bird_sprite_2\bird_strike_2\H_Crow.h(21,35): warning C4244: '초기화 중': 'double'에서 'int'(으)로 변환하면서 데이터가 손실될 수 있습니다.
C:\Users\gtg06\Documents\GitHub\bird_sprite_2\bird_strike_2\H_Crow.h(24,21): warning C4305: '초기화 중': 'double'에서 'float'(으)로 잘립니다.
C:\Users\gtg06\Documents\GitHub\bird_sprite_2\bird_strike_2\H_Crow.h(24,27): warning C4305: '초기화 중': 'double'에서 'float'(으)로 잘립니다.
C:\Users\gtg06\Documents\GitHub\bird_sprite_2\bird_strike_2\S_Drag.cpp(42,43): warning C4244: '인수': 'int'에서 'float'(으)로 변환하면서 데이터가 손실될 수 있습니다.
C:\Users\gtg06\Documents\GitHub\bird_sprite_2\bird_strike_2\S_Drag.cpp(43,35): warning C4244: '인수': 'int'에서 'float'(으)로 변환하면서 데이터가 손실될 수 있습니다.
C:\Users\gtg06\Documents\GitHub\bird_sprite_2\bird_strike_2\S_Drag.cpp(50,43): warning C4244: '인수': 'int'에서 'float'(으)로 변환하면서 데이터가 손실될 수 있습니다.
C:\Users\gtg06\Documents\GitHub\bird_sprite_2\bird_strike_2\S_Drag.cpp(51,35): warning C4244: '인수': 'int'에서 'float'(으)로 변환하면서 데이터가 손실될 수 있습니다.
  S_GameState.cpp
C:\Users\gtg06\Documents\GitHub\bird_sprite_2\bird_strike_2\H_Crow.h(21,35): warning C4244: '초기화 중': 'double'에서 'int'(으)로 변환하면서 데이터가 손실될 수 있습니다.
C:\Users\gtg06\Documents\GitHub\bird_sprite_2\bird_strike_2\H_Crow.h(24,21): warning C4305: '초기화 중': 'double'에서 'float'(으)로 잘립니다.
C:\Users\gtg06\Documents\GitHub\bird_sprite_2\bird_strike_2\H_Crow.h(24,27): warning C4305: '초기화 중': 'double'에서 'float'(으)로 잘립니다.
C:\Users\gtg06\Documents\GitHub\bird_sprite_2\bird_strike_2\H_Option.h(4,29): warning C4305: '초기화 중': 'double'에서 'const float'(으)로 잘립니다.
C:\Users\gtg06\Documents\GitHub\bird_sprite_2\bird_strike_2\H_Option.h(5,31): warning C4305: '초기화 중': 'double'에서 'const float'(으)로 잘립니다.
C:\Users\gtg06\Documents\GitHub\bird_sprite_2\bird_strike_2\S_GameState.cpp(69,24): warning C4244: '=': 'float'에서 'int'(으)로 변환하면서 데이터가 손실될 수 있습니다.
C:\Users\gtg06\Documents\GitHub\bird_sprite_2\bird_strike_2\S_GameState.cpp(173,13): warning C4244: '초기화 중': 'int'에서 'float'(으)로 변환하면서 데이터가 손실될 수 있습니다.
C:\Users\gtg06\Documents\GitHub\bird_sprite_2\bird_strike_2\S_GameState.cpp(174,19): warning C4244: '초기화 중': 'float'에서 'int'(으)로 변환하면서 데이터가 손실될 수 있습니다.
C:\Users\gtg06\Documents\GitHub\bird_sprite_2\bird_strike_2\S_GameState.cpp(175,19): warning C4244: '초기화 중': 'float'에서 'int'(으)로 변환하면서 데이터가 손실될 수 있습니다.
C:\Users\gtg06\Documents\GitHub\bird_sprite_2\bird_strike_2\S_GameState.cpp(176,19): warning C4244: '초기화 중': 'float'에서 'int'(으)로 변환하면서 데이터가 손실될 수 있습니다.
C:\Users\gtg06\Documents\GitHub\bird_sprite_2\bird_strike_2\S_GameState.cpp(194,86): warning C4838: 'int'에서 'float'(으)로의 변환에는 축소 변환이 필요합니다.
C:\Users\gtg06\Documents\GitHub\bird_sprite_2\bird_strike_2\S_GameState.cpp(194,86): warning C4244: '초기화 중': 'int'에서 'float'(으)로 변환하면서 데이터가 손실될 수 있습니다.
C:\Users\gtg06\Documents\GitHub\bird_sprite_2\bird_strike_2\S_GameState.cpp(195,87): warning C4838: 'int'에서 'float'(으)로의 변환에는 축소 변환이 필요합니다.
C:\Users\gtg06\Documents\GitHub\bird_sprite_2\bird_strike_2\S_GameState.cpp(195,87): warning C4244: '초기화 중': 'int'에서 'float'(으)로 변환하면서 데이터가 손실될 수 있습니다.
C:\Users\gtg06\Documents\GitHub\bird_sprite_2\bird_strike_2\S_GameState.cpp(196,87): warning C4838: 'int'에서 'float'(으)로의 변환에는 축소 변환이 필요합니다.
C:\Users\gtg06\Documents\GitHub\bird_sprite_2\bird_strike_2\S_GameState.cpp(196,87): warning C4244: '초기화 중': 'int'에서 'float'(으)로 변환하면서 데이터가 손실될 수 있습니다.
C:\Users\gtg06\Documents\GitHub\bird_sprite_2\bird_strike_2\S_GameState.cpp(205,103): warning C4244: '인수': 'float'에서 'int'(으)로 변환하면서 데이터가 손실될 수 있습니다.
C:\Users\gtg06\Documents\GitHub\bird_sprite_2\bird_strike_2\S_GameState.cpp(205,92): warning C4244: '인수': 'float'에서 'int'(으)로 변환하면서 데이터가 손실될 수 있습니다.
C:\Users\gtg06\Documents\GitHub\bird_sprite_2\bird_strike_2\S_GameState.cpp(205,44): warning C4244: '인수': 'float'에서 'int'(으)로 변환하면서 데이터가 손실될 수 있습니다.
C:\Users\gtg06\Documents\GitHub\bird_sprite_2\bird_strike_2\S_GameState.cpp(223,103): warning C4244: '인수': 'float'에서 'int'(으)로 변환하면서 데이터가 손실될 수 있습니다.
C:\Users\gtg06\Documents\GitHub\bird_sprite_2\bird_strike_2\S_GameState.cpp(223,92): warning C4244: '인수': 'float'에서 'int'(으)로 변환하면서 데이터가 손실될 수 있습니다.
C:\Users\gtg06\Documents\GitHub\bird_sprite_2\bird_strike_2\S_GameState.cpp(223,44): warning C4244: '인수': 'float'에서 'int'(으)로 변환하면서 데이터가 손실될 수 있습니다.
C:\Users\gtg06\Documents\GitHub\bird_sprite_2\bird_strike_2\S_GameState.cpp(238,103): warning C4244: '인수': 'float'에서 'int'(으)로 변환하면서 데이터가 손실될 수 있습니다.
C:\Users\gtg06\Documents\GitHub\bird_sprite_2\bird_strike_2\S_GameState.cpp(238,92): warning C4244: '인수': 'float'에서 'int'(으)로 변환하면서 데이터가 손실될 수 있습니다.
C:\Users\gtg06\Documents\GitHub\bird_sprite_2\bird_strike_2\S_GameState.cpp(238,44): warning C4244: '인수': 'float'에서 'int'(으)로 변환하면서 데이터가 손실될 수 있습니다.
C:\Users\gtg06\Documents\GitHub\bird_sprite_2\bird_strike_2\S_GameState.cpp(294,168): warning C4244: '인수': 'int'에서 'float'(으)로 변환하면서 데이터가 손실될 수 있습니다.
C:\Users\gtg06\Documents\GitHub\bird_sprite_2\bird_strike_2\S_GameState.cpp(294,157): warning C4244: '인수': 'int'에서 'float'(으)로 변환하면서 데이터가 손실될 수 있습니다.
C:\Users\gtg06\Documents\GitHub\bird_sprite_2\bird_strike_2\S_GameState.cpp(294,205): warning C4244: '인수': 'int'에서 'float'(으)로 변환하면서 데이터가 손실될 수 있습니다.
C:\Users\gtg06\Documents\GitHub\bird_sprite_2\bird_strike_2\S_GameState.cpp(294,194): warning C4244: '인수': 'int'에서 'float'(으)로 변환하면서 데이터가 손실될 수 있습니다.
C:\Users\gtg06\Documents\GitHub\bird_sprite_2\bird_strike_2\S_GameState.cpp(295,168): warning C4244: '인수': 'int'에서 'float'(으)로 변환하면서 데이터가 손실될 수 있습니다.
C:\Users\gtg06\Documents\GitHub\bird_sprite_2\bird_strike_2\S_GameState.cpp(295,157): warning C4244: '인수': 'int'에서 'float'(으)로 변환하면서 데이터가 손실될 수 있습니다.
C:\Users\gtg06\Documents\GitHub\bird_sprite_2\bird_strike_2\S_GameState.cpp(295,205): warning C4244: '인수': 'int'에서 'float'(으)로 변환하면서 데이터가 손실될 수 있습니다.
C:\Users\gtg06\Documents\GitHub\bird_sprite_2\bird_strike_2\S_GameState.cpp(295,194): warning C4244: '인수': 'int'에서 'float'(으)로 변환하면서 데이터가 손실될 수 있습니다.
C:\Users\gtg06\Documents\GitHub\bird_sprite_2\bird_strike_2\S_GameState.cpp(296,168): warning C4244: '인수': 'int'에서 'float'(으)로 변환하면서 데이터가 손실될 수 있습니다.
C:\Users\gtg06\Documents\GitHub\bird_sprite_2\bird_strike_2\S_GameState.cpp(296,157): warning C4244: '인수': 'int'에서 'float'(으)로 변환하면서 데이터가 손실될 수 있습니다.
C:\Users\gtg06\Documents\GitHub\bird_sprite_2\bird_strike_2\S_GameState.cpp(296,205): warning C4244: '인수': 'int'에서 'float'(으)로 변환하면서 데이터가 손실될 수 있습니다.
C:\Users\gtg06\Documents\GitHub\bird_sprite_2\bird_strike_2\S_GameState.cpp(296,194): warning C4244: '인수': 'int'에서 'float'(으)로 변환하면서 데이터가 손실될 수 있습니다.
C:\Users\gtg06\Documents\GitHub\bird_sprite_2\bird_strike_2\S_GameState.cpp(297,168): warning C4244: '인수': 'int'에서 'float'(으)로 변환하면서 데이터가 손실될 수 있습니다.
C:\Users\gtg06\Documents\GitHub\bird_sprite_2\bird_strike_2\S_GameState.cpp(297,157): warning C4244: '인수': 'int'에서 'float'(으)로 변환하면서 데이터가 손실될 수 있습니다.
C:\Users\gtg06\Documents\GitHub\bird_sprite_2\bird_strike_2\S_GameState.cpp(297,205): warning C4244: '인수': 'int'에서 'float'(으)로 변환하면서 데이터가 손실될 수 있습니다.
C:\Users\gtg06\Documents\GitHub\bird_sprite_2\bird_strike_2\S_GameState.cpp(297,194): warning C4244: '인수': 'int'에서 'float'(으)로 변환하면서 데이터가 손실될 수 있습니다.
C:\Users\gtg06\Documents\GitHub\bird_sprite_2\bird_strike_2\S_GameState.cpp(298,164): warning C4244: '인수': 'int'에서 'float'(으)로 변환하면서 데이터가 손실될 수 있습니다.
C:\Users\gtg06\Documents\GitHub\bird_sprite_2\bird_strike_2\S_GameState.cpp(298,153): warning C4244: '인수': 'int'에서 'float'(으)로 변환하면서 데이터가 손실될 수 있습니다.
C:\Users\gtg06\Documents\GitHub\bird_sprite_2\bird_strike_2\S_GameState.cpp(298,201): warning C4244: '인수': 'int'에서 'float'(으)로 변환하면서 데이터가 손실될 수 있습니다.
C:\Users\gtg06\Documents\GitHub\bird_sprite_2\bird_strike_2\S_GameState.cpp(298,190): warning C4244: '인수': 'int'에서 'float'(으)로 변환하면서 데이터가 손실될 수 있습니다.
C:\Users\gtg06\Documents\GitHub\bird_sprite_2\bird_strike_2\S_GameState.cpp(300,172): warning C4244: '인수': 'int'에서 'float'(으)로 변환하면서 데이터가 손실될 수 있습니다.
C:\Users\gtg06\Documents\GitHub\bird_sprite_2\bird_strike_2\S_GameState.cpp(300,161): warning C4244: '인수': 'int'에서 'float'(으)로 변환하면서 데이터가 손실될 수 있습니다.
C:\Users\gtg06\Documents\GitHub\bird_sprite_2\bird_strike_2\S_GameState.cpp(300,209): warning C4244: '인수': 'int'에서 'float'(으)로 변환하면서 데이터가 손실될 수 있습니다.
C:\Users\gtg06\Documents\GitHub\bird_sprite_2\bird_strike_2\S_GameState.cpp(300,198): warning C4244: '인수': 'int'에서 'float'(으)로 변환하면서 데이터가 손실될 수 있습니다.
C:\Users\gtg06\Documents\GitHub\bird_sprite_2\bird_strike_2\S_GameState.cpp(301,172): warning C4244: '인수': 'int'에서 'float'(으)로 변환하면서 데이터가 손실될 수 있습니다.
C:\Users\gtg06\Documents\GitHub\bird_sprite_2\bird_strike_2\S_GameState.cpp(301,161): warning C4244: '인수': 'int'에서 'float'(으)로 변환하면서 데이터가 손실될 수 있습니다.
C:\Users\gtg06\Documents\GitHub\bird_sprite_2\bird_strike_2\S_GameState.cpp(301,209): warning C4244: '인수': 'int'에서 'float'(으)로 변환하면서 데이터가 손실될 수 있습니다.
C:\Users\gtg06\Documents\GitHub\bird_sprite_2\bird_strike_2\S_GameState.cpp(301,198): warning C4244: '인수': 'int'에서 'float'(으)로 변환하면서 데이터가 손실될 수 있습니다.
C:\Users\gtg06\Documents\GitHub\bird_sprite_2\bird_strike_2\S_GameState.cpp(302,172): warning C4244: '인수': 'int'에서 'float'(으)로 변환하면서 데이터가 손실될 수 있습니다.
C:\Users\gtg06\Documents\GitHub\bird_sprite_2\bird_strike_2\S_GameState.cpp(302,161): warning C4244: '인수': 'int'에서 'float'(으)로 변환하면서 데이터가 손실될 수 있습니다.
C:\Users\gtg06\Documents\GitHub\bird_sprite_2\bird_strike_2\S_GameState.cpp(302,209): warning C4244: '인수': 'int'에서 'float'(으)로 변환하면서 데이터가 손실될 수 있습니다.
C:\Users\gtg06\Documents\GitHub\bird_sprite_2\bird_strike_2\S_GameState.cpp(302,198): warning C4244: '인수': 'int'에서 'float'(으)로 변환하면서 데이터가 손실될 수 있습니다.
C:\Users\gtg06\Documents\GitHub\bird_sprite_2\bird_strike_2\S_GameState.cpp(303,172): warning C4244: '인수': 'int'에서 'float'(으)로 변환하면서 데이터가 손실될 수 있습니다.
C:\Users\gtg06\Documents\GitHub\bird_sprite_2\bird_strike_2\S_GameState.cpp(303,161): warning C4244: '인수': 'int'에서 'float'(으)로 변환하면서 데이터가 손실될 수 있습니다.
C:\Users\gtg06\Documents\GitHub\bird_sprite_2\bird_strike_2\S_GameState.cpp(303,209): warning C4244: '인수': 'int'에서 'float'(으)로 변환하면서 데이터가 손실될 수 있습니다.
C:\Users\gtg06\Documents\GitHub\bird_sprite_2\bird_strike_2\S_GameState.cpp(303,198): warning C4244: '인수': 'int'에서 'float'(으)로 변환하면서 데이터가 손실될 수 있습니다.
C:\Users\gtg06\Documents\GitHub\bird_sprite_2\bird_strike_2\S_GameState.cpp(304,168): warning C4244: '인수': 'int'에서 'float'(으)로 변환하면서 데이터가 손실될 수 있습니다.
C:\Users\gtg06\Documents\GitHub\bird_sprite_2\bird_strike_2\S_GameState.cpp(304,157): warning C4244: '인수': 'int'에서 'float'(으)로 변환하면서 데이터가 손실될 수 있습니다.
C:\Users\gtg06\Documents\GitHub\bird_sprite_2\bird_strike_2\S_GameState.cpp(304,205): warning C4244: '인수': 'int'에서 'float'(으)로 변환하면서 데이터가 손실될 수 있습니다.
C:\Users\gtg06\Documents\GitHub\bird_sprite_2\bird_strike_2\S_GameState.cpp(304,194): warning C4244: '인수': 'int'에서 'float'(으)로 변환하면서 데이터가 손실될 수 있습니다.
C:\Users\gtg06\Documents\GitHub\bird_sprite_2\bird_strike_2\S_GameState.cpp(306,158): warning C4244: '인수': 'int'에서 'float'(으)로 변환하면서 데이터가 손실될 수 있습니다.
C:\Users\gtg06\Documents\GitHub\bird_sprite_2\bird_strike_2\S_GameState.cpp(306,147): warning C4244: '인수': 'int'에서 'float'(으)로 변환하면서 데이터가 손실될 수 있습니다.
C:\Users\gtg06\Documents\GitHub\bird_sprite_2\bird_strike_2\S_GameState.cpp(306,195): warning C4244: '인수': 'int'에서 'float'(으)로 변환하면서 데이터가 손실될 수 있습니다.
C:\Users\gtg06\Documents\GitHub\bird_sprite_2\bird_strike_2\S_GameState.cpp(306,184): warning C4244: '인수': 'int'에서 'float'(으)로 변환하면서 데이터가 손실될 수 있습니다.
C:\Users\gtg06\Documents\GitHub\bird_sprite_2\bird_strike_2\S_GameState.cpp(307,158): warning C4244: '인수': 'int'에서 'float'(으)로 변환하면서 데이터가 손실될 수 있습니다.
C:\Users\gtg06\Documents\GitHub\bird_sprite_2\bird_strike_2\S_GameState.cpp(307,147): warning C4244: '인수': 'int'에서 'float'(으)로 변환하면서 데이터가 손실될 수 있습니다.
C:\Users\gtg06\Documents\GitHub\bird_sprite_2\bird_strike_2\S_GameState.cpp(307,195): warning C4244: '인수': 'int'에서 'float'(으)로 변환하면서 데이터가 손실될 수 있습니다.
C:\Users\gtg06\Documents\GitHub\bird_sprite_2\bird_strike_2\S_GameState.cpp(307,184): warning C4244: '인수': 'int'에서 'float'(으)로 변환하면서 데이터가 손실될 수 있습니다.
C:\Users\gtg06\Documents\GitHub\bird_sprite_2\bird_strike_2\S_GameState.cpp(308,158): warning C4244: '인수': 'int'에서 'float'(으)로 변환하면서 데이터가 손실될 수 있습니다.
C:\Users\gtg06\Documents\GitHub\bird_sprite_2\bird_strike_2\S_GameState.cpp(308,147): warning C4244: '인수': 'int'에서 'float'(으)로 변환하면서 데이터가 손실될 수 있습니다.
C:\Users\gtg06\Documents\GitHub\bird_sprite_2\bird_strike_2\S_GameState.cpp(308,195): warning C4244: '인수': 'int'에서 'float'(으)로 변환하면서 데이터가 손실될 수 있습니다.
C:\Users\gtg06\Documents\GitHub\bird_sprite_2\bird_strike_2\S_GameState.cpp(308,184): warning C4244: '인수': 'int'에서 'float'(으)로 변환하면서 데이터가 손실될 수 있습니다.
C:\Users\gtg06\Documents\GitHub\bird_sprite_2\bird_strike_2\S_GameState.cpp(309,158): warning C4244: '인수': 'int'에서 'float'(으)로 변환하면서 데이터가 손실될 수 있습니다.
C:\Users\gtg06\Documents\GitHub\bird_sprite_2\bird_strike_2\S_GameState.cpp(309,147): warning C4244: '인수': 'int'에서 'float'(으)로 변환하면서 데이터가 손실될 수 있습니다.
C:\Users\gtg06\Documents\GitHub\bird_sprite_2\bird_strike_2\S_GameState.cpp(309,195): warning C4244: '인수': 'int'에서 'float'(으)로 변환하면서 데이터가 손실될 수 있습니다.
C:\Users\gtg06\Documents\GitHub\bird_sprite_2\bird_strike_2\S_GameState.cpp(309,184): warning C4244: '인수': 'int'에서 'float'(으)로 변환하면서 데이터가 손실될 수 있습니다.
C:\Users\gtg06\Documents\GitHub\bird_sprite_2\bird_strike_2\S_GameState.cpp(310,154): warning C4244: '인수': 'int'에서 'float'(으)로 변환하면서 데이터가 손실될 수 있습니다.
C:\Users\gtg06\Documents\GitHub\bird_sprite_2\bird_strike_2\S_GameState.cpp(310,143): warning C4244: '인수': 'int'에서 'float'(으)로 변환하면서 데이터가 손실될 수 있습니다.
C:\Users\gtg06\Documents\GitHub\bird_sprite_2\bird_strike_2\S_GameState.cpp(310,191): warning C4244: '인수': 'int'에서 'float'(으)로 변환하면서 데이터가 손실될 수 있습니다.
C:\Users\gtg06\Documents\GitHub\bird_sprite_2\bird_strike_2\S_GameState.cpp(310,180): warning C4244: '인수': 'int'에서 'float'(으)로 변환하면서 데이터가 손실될 수 있습니다.
C:\Users\gtg06\Documents\GitHub\bird_sprite_2\bird_strike_2\S_GameState.cpp(322,56): warning C4244: '인수': 'int'에서 'float'(으)로 변환하면서 데이터가 손실될 수 있습니다.
C:\Users\gtg06\Documents\GitHub\bird_sprite_2\bird_strike_2\S_GameState.cpp(322,45): warning C4244: '인수': 'int'에서 'float'(으)로 변환하면서 데이터가 손실될 수 있습니다.
C:\Users\gtg06\Documents\GitHub\bird_sprite_2\bird_strike_2\S_GameState.cpp(322,117): warning C4244: '인수': 'int'에서 'float'(으)로 변환하면서 데이터가 손실될 수 있습니다.
C:\Users\gtg06\Documents\GitHub\bird_sprite_2\bird_strike_2\S_GameState.cpp(322,106): warning C4244: '인수': 'int'에서 'float'(으)로 변환하면서 데이터가 손실될 수 있습니다.
C:\Users\gtg06\Documents\GitHub\bird_sprite_2\bird_strike_2\S_GameState.cpp(322,179): warning C4244: '인수': 'int'에서 'float'(으)로 변환하면서 데이터가 손실될 수 있습니다.
C:\Users\gtg06\Documents\GitHub\bird_sprite_2\bird_strike_2\S_GameState.cpp(322,168): warning C4244: '인수': 'int'에서 'float'(으)로 변환하면서 데이터가 손실될 수 있습니다.
C:\Users\gtg06\Documents\GitHub\bird_sprite_2\bird_strike_2\S_GameState.cpp(325,9): warning C4244: '인수': 'int'에서 'float'(으)로 변환하면서 데이터가 손실될 수 있습니다.
C:\Users\gtg06\Documents\GitHub\bird_sprite_2\bird_strike_2\S_GameState.cpp(324,9): warning C4244: '인수': 'int'에서 'float'(으)로 변환하면서 데이터가 손실될 수 있습니다.
C:\Users\gtg06\Documents\GitHub\bird_sprite_2\bird_strike_2\S_GameState.cpp(381,73): warning C4244: '인수': 'int'에서 'float'(으)로 변환하면서 데이터가 손실될 수 있습니다.
C:\Users\gtg06\Documents\GitHub\bird_sprite_2\bird_strike_2\S_GameState.cpp(384,30): warning C4244: '인수': 'int'에서 'float'(으)로 변환하면서 데이터가 손실될 수 있습니다.
C:\Users\gtg06\Documents\GitHub\bird_sprite_2\bird_strike_2\S_GameState.cpp(390,84): warning C4244: '인수': 'int'에서 'float'(으)로 변환하면서 데이터가 손실될 수 있습니다.
C:\Users\gtg06\Documents\GitHub\bird_sprite_2\bird_strike_2\S_GameState.cpp(390,71): warning C4244: '인수': 'int'에서 'float'(으)로 변환하면서 데이터가 손실될 수 있습니다.
C:\Users\gtg06\Documents\GitHub\bird_sprite_2\bird_strike_2\S_GameState.cpp(393,13): warning C4244: '인수': 'int'에서 'float'(으)로 변환하면서 데이터가 손실될 수 있습니다.
C:\Users\gtg06\Documents\GitHub\bird_sprite_2\bird_strike_2\S_GameState.cpp(392,13): warning C4244: '인수': 'int'에서 'float'(으)로 변환하면서 데이터가 손실될 수 있습니다.
C:\Users\gtg06\Documents\GitHub\bird_sprite_2\bird_strike_2\S_GameState.cpp(408,79): warning C4244: '인수': 'int'에서 'float'(으)로 변환하면서 데이터가 손실될 수 있습니다.
C:\Users\gtg06\Documents\GitHub\bird_sprite_2\bird_strike_2\S_GameState.cpp(408,66): warning C4244: '인수': 'int'에서 'float'(으)로 변환하면서 데이터가 손실될 수 있습니다.
C:\Users\gtg06\Documents\GitHub\bird_sprite_2\bird_strike_2\S_GameState.cpp(411,13): warning C4244: '인수': 'int'에서 'float'(으)로 변환하면서 데이터가 손실될 수 있습니다.
C:\Users\gtg06\Documents\GitHub\bird_sprite_2\bird_strike_2\S_GameState.cpp(410,13): warning C4244: '인수': 'int'에서 'float'(으)로 변환하면서 데이터가 손실될 수 있습니다.
C:\Users\gtg06\Documents\GitHub\bird_sprite_2\bird_strike_2\S_GameState.cpp(417,77): warning C4244: '인수': 'int'에서 'float'(으)로 변환하면서 데이터가 손실될 수 있습니다.
C:\Users\gtg06\Documents\GitHub\bird_sprite_2\bird_strike_2\S_GameState.cpp(417,54): warning C4244: '인수': 'int'에서 'float'(으)로 변환하면서 데이터가 손실될 수 있습니다.
C:\Users\gtg06\Documents\GitHub\bird_sprite_2\bird_strike_2\S_GameState.cpp(420,26): warning C4244: '인수': 'int'에서 'float'(으)로 변환하면서 데이터가 손실될 수 있습니다.
C:\Users\gtg06\Documents\GitHub\bird_sprite_2\bird_strike_2\S_GameState.cpp(419,26): warning C4244: '인수': 'int'에서 'float'(으)로 변환하면서 데이터가 손실될 수 있습니다.
C:\Users\gtg06\Documents\GitHub\bird_sprite_2\bird_strike_2\S_GameState.cpp(427,9): warning C4305: '인수': 'double'에서 'float'(으)로 잘립니다.
C:\Users\gtg06\Documents\GitHub\bird_sprite_2\bird_strike_2\S_GameState.cpp(445,9): warning C4305: '인수': 'double'에서 'float'(으)로 잘립니다.
C:\Users\gtg06\Documents\GitHub\bird_sprite_2\bird_strike_2\S_GameState.cpp(755,30): warning C4244: '인수': 'int'에서 'float'(으)로 변환하면서 데이터가 손실될 수 있습니다.
C:\Users\gtg06\Documents\GitHub\bird_sprite_2\bird_strike_2\S_GameState.cpp(754,30): warning C4244: '인수': 'int'에서 'float'(으)로 변환하면서 데이터가 손실될 수 있습니다.
C:\Users\gtg06\Documents\GitHub\bird_sprite_2\bird_strike_2\S_GameState.cpp(763,30): warning C4244: '인수': 'int'에서 'float'(으)로 변환하면서 데이터가 손실될 수 있습니다.
C:\Users\gtg06\Documents\GitHub\bird_sprite_2\bird_strike_2\S_GameState.cpp(762,30): warning C4244: '인수': 'int'에서 'float'(으)로 변환하면서 데이터가 손실될 수 있습니다.
C:\Users\gtg06\Documents\GitHub\bird_sprite_2\bird_strike_2\S_GameState.cpp(771,30): warning C4244: '인수': 'int'에서 'float'(으)로 변환하면서 데이터가 손실될 수 있습니다.
C:\Users\gtg06\Documents\GitHub\bird_sprite_2\bird_strike_2\S_GameState.cpp(770,30): warning C4244: '인수': 'int'에서 'float'(으)로 변환하면서 데이터가 손실될 수 있습니다.
  S_Mouse.cpp
C:\Users\gtg06\Documents\GitHub\bird_sprite_2\bird_strike_2\H_Crow.h(21,35): warning C4244: '초기화 중': 'double'에서 'int'(으)로 변환하면서 데이터가 손실될 수 있습니다.
C:\Users\gtg06\Documents\GitHub\bird_sprite_2\bird_strike_2\H_Crow.h(24,21): warning C4305: '초기화 중': 'double'에서 'float'(으)로 잘립니다.
C:\Users\gtg06\Documents\GitHub\bird_sprite_2\bird_strike_2\H_Crow.h(24,27): warning C4305: '초기화 중': 'double'에서 'float'(으)로 잘립니다.
  S_Player.cpp
C:\Users\gtg06\Documents\GitHub\bird_sprite_2\bird_strike_2\H_Crow.h(21,35): warning C4244: '초기화 중': 'double'에서 'int'(으)로 변환하면서 데이터가 손실될 수 있습니다.
C:\Users\gtg06\Documents\GitHub\bird_sprite_2\bird_strike_2\H_Crow.h(24,21): warning C4305: '초기화 중': 'double'에서 'float'(으)로 잘립니다.
C:\Users\gtg06\Documents\GitHub\bird_sprite_2\bird_strike_2\H_Crow.h(24,27): warning C4305: '초기화 중': 'double'에서 'float'(으)로 잘립니다.
C:\Users\gtg06\Documents\GitHub\bird_sprite_2\bird_strike_2\S_Player.cpp(34,40): warning C4244: '+=': 'double'에서 'float'(으)로 변환하면서 데이터가 손실될 수 있습니다.
C:\Users\gtg06\Documents\GitHub\bird_sprite_2\bird_strike_2\S_Player.cpp(38,42): warning C4244: '=': 'int'에서 'float'(으)로 변환하면서 데이터가 손실될 수 있습니다.
C:\Users\gtg06\Documents\GitHub\bird_sprite_2\bird_strike_2\S_Player.cpp(39,130): warning C4244: '=': 'double'에서 'float'(으)로 변환하면서 데이터가 손실될 수 있습니다.
C:\Users\gtg06\Documents\GitHub\bird_sprite_2\bird_strike_2\S_Player.cpp(84,42): warning C4244: '=': 'int'에서 'float'(으)로 변환하면서 데이터가 손실될 수 있습니다.
C:\Users\gtg06\Documents\GitHub\bird_sprite_2\bird_strike_2\S_Player.cpp(85,130): warning C4244: '=': 'double'에서 'float'(으)로 변환하면서 데이터가 손실될 수 있습니다.
  S_Score.cpp
C:\Users\gtg06\Documents\GitHub\bird_sprite_2\bird_strike_2\H_Crow.h(21,35): warning C4244: '초기화 중': 'double'에서 'int'(으)로 변환하면서 데이터가 손실될 수 있습니다.
C:\Users\gtg06\Documents\GitHub\bird_sprite_2\bird_strike_2\H_Crow.h(24,21): warning C4305: '초기화 중': 'double'에서 'float'(으)로 잘립니다.
C:\Users\gtg06\Documents\GitHub\bird_sprite_2\bird_strike_2\H_Crow.h(24,27): warning C4305: '초기화 중': 'double'에서 'float'(으)로 잘립니다.
C:\Users\gtg06\Documents\GitHub\bird_sprite_2\bird_strike_2\S_Score.cpp(12,30): warning C4244: '초기화 중': 'float'에서 'int'(으)로 변환하면서 데이터가 손실될 수 있습니다.
C:\Users\gtg06\Documents\GitHub\bird_sprite_2\bird_strike_2\S_Score.cpp(15,13): warning C4244: '초기화 중': 'float'에서 'int'(으)로 변환하면서 데이터가 손실될 수 있습니다.
C:\Users\gtg06\Documents\GitHub\bird_sprite_2\bird_strike_2\S_Score.cpp(35,17): warning C4305: '-=': 'double'에서 'float'(으)로 잘립니다.
C:\Users\gtg06\Documents\GitHub\bird_sprite_2\bird_strike_2\S_Score.cpp(36,30): warning C4838: 'int'에서 'unsigned char'(으)로의 변환에는 축소 변환이 필요합니다.
C:\Users\gtg06\Documents\GitHub\bird_sprite_2\bird_strike_2\S_Score.cpp(42,62): warning C4244: '인수': 'int'에서 'float'(으)로 변환하면서 데이터가 손실될 수 있습니다.
C:\Users\gtg06\Documents\GitHub\bird_sprite_2\bird_strike_2\S_Score.cpp(42,45): warning C4244: '인수': 'int'에서 'float'(으)로 변환하면서 데이터가 손실될 수 있습니다.
C:\Users\gtg06\Documents\GitHub\bird_sprite_2\bird_strike_2\S_Score.cpp(45,4): warning C4244: '인수': 'int'에서 'float'(으)로 변환하면서 데이터가 손실될 수 있습니다.
C:\Users\gtg06\Documents\GitHub\bird_sprite_2\bird_strike_2\S_Score.cpp(44,4): warning C4244: '인수': 'int'에서 'float'(으)로 변환하면서 데이터가 손실될 수 있습니다.
C:\Users\gtg06\Documents\GitHub\bird_sprite_2\bird_strike_2\S_Score.cpp(51,62): warning C4244: '인수': 'int'에서 'float'(으)로 변환하면서 데이터가 손실될 수 있습니다.
C:\Users\gtg06\Documents\GitHub\bird_sprite_2\bird_strike_2\S_Score.cpp(51,45): warning C4244: '인수': 'int'에서 'float'(으)로 변환하면서 데이터가 손실될 수 있습니다.
C:\Users\gtg06\Documents\GitHub\bird_sprite_2\bird_strike_2\S_Score.cpp(54,4): warning C4244: '인수': 'int'에서 'float'(으)로 변환하면서 데이터가 손실될 수 있습니다.
C:\Users\gtg06\Documents\GitHub\bird_sprite_2\bird_strike_2\S_Score.cpp(53,4): warning C4244: '인수': 'int'에서 'float'(으)로 변환하면서 데이터가 손실될 수 있습니다.
C:\Users\gtg06\Documents\GitHub\bird_sprite_2\bird_strike_2\S_Score.cpp(60,62): warning C4244: '인수': 'int'에서 'float'(으)로 변환하면서 데이터가 손실될 수 있습니다.
C:\Users\gtg06\Documents\GitHub\bird_sprite_2\bird_strike_2\S_Score.cpp(60,45): warning C4244: '인수': 'int'에서 'float'(으)로 변환하면서 데이터가 손실될 수 있습니다.
C:\Users\gtg06\Documents\GitHub\bird_sprite_2\bird_strike_2\S_Score.cpp(63,4): warning C4244: '인수': 'int'에서 'float'(으)로 변환하면서 데이터가 손실될 수 있습니다.
C:\Users\gtg06\Documents\GitHub\bird_sprite_2\bird_strike_2\S_Score.cpp(62,4): warning C4244: '인수': 'int'에서 'float'(으)로 변환하면서 데이터가 손실될 수 있습니다.
C:\Users\gtg06\Documents\GitHub\bird_sprite_2\bird_strike_2\S_Score.cpp(69,62): warning C4244: '인수': 'int'에서 'float'(으)로 변환하면서 데이터가 손실될 수 있습니다.
C:\Users\gtg06\Documents\GitHub\bird_sprite_2\bird_strike_2\S_Score.cpp(69,45): warning C4244: '인수': 'int'에서 'float'(으)로 변환하면서 데이터가 손실될 수 있습니다.
C:\Users\gtg06\Documents\GitHub\bird_sprite_2\bird_strike_2\S_Score.cpp(72,4): warning C4244: '인수': 'int'에서 'float'(으)로 변환하면서 데이터가 손실될 수 있습니다.
C:\Users\gtg06\Documents\GitHub\bird_sprite_2\bird_strike_2\S_Score.cpp(71,4): warning C4244: '인수': 'int'에서 'float'(으)로 변환하면서 데이터가 손실될 수 있습니다.
C:\Users\gtg06\Documents\GitHub\bird_sprite_2\bird_strike_2\S_Score.cpp(79,62): warning C4244: '인수': 'int'에서 'float'(으)로 변환하면서 데이터가 손실될 수 있습니다.
C:\Users\gtg06\Documents\GitHub\bird_sprite_2\bird_strike_2\S_Score.cpp(79,45): warning C4244: '인수': 'int'에서 'float'(으)로 변환하면서 데이터가 손실될 수 있습니다.
C:\Users\gtg06\Documents\GitHub\bird_sprite_2\bird_strike_2\S_Score.cpp(82,4): warning C4244: '인수': 'int'에서 'float'(으)로 변환하면서 데이터가 손실될 수 있습니다.
C:\Users\gtg06\Documents\GitHub\bird_sprite_2\bird_strike_2\S_Score.cpp(81,4): warning C4244: '인수': 'int'에서 'float'(으)로 변환하면서 데이터가 손실될 수 있습니다.
C:\Users\gtg06\Documents\GitHub\bird_sprite_2\bird_strike_2\S_Score.cpp(279,75): warning C4244: '인수': 'int'에서 'float'(으)로 변환하면서 데이터가 손실될 수 있습니다.
C:\Users\gtg06\Documents\GitHub\bird_sprite_2\bird_strike_2\S_Score.cpp(280,73): warning C4244: '인수': 'int'에서 'float'(으)로 변환하면서 데이터가 손실될 수 있습니다.
C:\Users\gtg06\Documents\GitHub\bird_sprite_2\bird_strike_2\S_Score.cpp(282,5): warning C4244: '인수': 'int'에서 'float'(으)로 변환하면서 데이터가 손실될 수 있습니다.
C:\Users\gtg06\Documents\GitHub\bird_sprite_2\bird_strike_2\S_Score.cpp(289,75): warning C4244: '인수': 'int'에서 'float'(으)로 변환하면서 데이터가 손실될 수 있습니다.
C:\Users\gtg06\Documents\GitHub\bird_sprite_2\bird_strike_2\S_Score.cpp(290,73): warning C4244: '인수': 'int'에서 'float'(으)로 변환하면서 데이터가 손실될 수 있습니다.
C:\Users\gtg06\Documents\GitHub\bird_sprite_2\bird_strike_2\S_Score.cpp(292,5): warning C4244: '인수': 'int'에서 'float'(으)로 변환하면서 데이터가 손실될 수 있습니다.
C:\Users\gtg06\Documents\GitHub\bird_sprite_2\bird_strike_2\S_Score.cpp(299,75): warning C4244: '인수': 'int'에서 'float'(으)로 변환하면서 데이터가 손실될 수 있습니다.
C:\Users\gtg06\Documents\GitHub\bird_sprite_2\bird_strike_2\S_Score.cpp(300,73): warning C4244: '인수': 'int'에서 'float'(으)로 변환하면서 데이터가 손실될 수 있습니다.
C:\Users\gtg06\Documents\GitHub\bird_sprite_2\bird_strike_2\S_Score.cpp(302,5): warning C4244: '인수': 'int'에서 'float'(으)로 변환하면서 데이터가 손실될 수 있습니다.
C:\Users\gtg06\Documents\GitHub\bird_sprite_2\bird_strike_2\S_Score.cpp(309,75): warning C4244: '인수': 'int'에서 'float'(으)로 변환하면서 데이터가 손실될 수 있습니다.
C:\Users\gtg06\Documents\GitHub\bird_sprite_2\bird_strike_2\S_Score.cpp(310,73): warning C4244: '인수': 'int'에서 'float'(으)로 변환하면서 데이터가 손실될 수 있습니다.
C:\Users\gtg06\Documents\GitHub\bird_sprite_2\bird_strike_2\S_Score.cpp(312,5): warning C4244: '인수': 'int'에서 'float'(으)로 변환하면서 데이터가 손실될 수 있습니다.
C:\Users\gtg06\Documents\GitHub\bird_sprite_2\bird_strike_2\S_Score.cpp(320,75): warning C4244: '인수': 'int'에서 'float'(으)로 변환하면서 데이터가 손실될 수 있습니다.
C:\Users\gtg06\Documents\GitHub\bird_sprite_2\bird_strike_2\S_Score.cpp(321,73): warning C4244: '인수': 'int'에서 'float'(으)로 변환하면서 데이터가 손실될 수 있습니다.
C:\Users\gtg06\Documents\GitHub\bird_sprite_2\bird_strike_2\S_Score.cpp(323,5): warning C4244: '인수': 'int'에서 'float'(으)로 변환하면서 데이터가 손실될 수 있습니다.
C:\Users\gtg06\Documents\GitHub\bird_sprite_2\bird_strike_2\S_Score.cpp(327,57): warning C4244: '=': 'float'에서 'int'(으)로 변환하면서 데이터가 손실될 수 있습니다.
C:\Users\gtg06\Documents\GitHub\bird_sprite_2\bird_strike_2\S_Score.cpp(331,56): warning C4244: '=': 'float'에서 'int'(으)로 변환하면서 데이터가 손실될 수 있습니다.
  S_Sun.cpp
C:\Users\gtg06\Documents\GitHub\bird_sprite_2\bird_strike_2\H_Crow.h(21,35): warning C4244: '초기화 중': 'double'에서 'int'(으)로 변환하면서 데이터가 손실될 수 있습니다.
C:\Users\gtg06\Documents\GitHub\bird_sprite_2\bird_strike_2\H_Crow.h(24,21): warning C4305: '초기화 중': 'double'에서 'float'(으)로 잘립니다.
C:\Users\gtg06\Documents\GitHub\bird_sprite_2\bird_strike_2\H_Crow.h(24,27): warning C4305: '초기화 중': 'double'에서 'float'(으)로 잘립니다.
C:\Users\gtg06\Documents\GitHub\bird_sprite_2\bird_strike_2\S_Sun.cpp(20,17): warning C4244: '초기화 중': 'int'에서 'float'(으)로 변환하면서 데이터가 손실될 수 있습니다.
C:\Users\gtg06\Documents\GitHub\bird_sprite_2\bird_strike_2\S_Sun.cpp(39,2): warning C4551: 함수 호출에 인수 목록이 없습니다.
C:\Users\gtg06\Documents\GitHub\bird_sprite_2\bird_strike_2\S_Sun.cpp(55,65): warning C4244: '인수': 'float'에서 'int'(으)로 변환하면서 데이터가 손실될 수 있습니다.
C:\Users\gtg06\Documents\GitHub\bird_sprite_2\bird_strike_2\S_Sun.cpp(98,93): warning C4244: '인수': 'double'에서 'float'(으)로 변환하면서 데이터가 손실될 수 있습니다.
C:\Users\gtg06\Documents\GitHub\bird_sprite_2\bird_strike_2\S_Sun.cpp(97,76): warning C4244: '인수': 'double'에서 'float'(으)로 변환하면서 데이터가 손실될 수 있습니다.
  S_Tutorial.cpp
C:\Users\gtg06\Documents\GitHub\bird_sprite_2\bird_strike_2\H_Crow.h(21,35): warning C4244: '초기화 중': 'double'에서 'int'(으)로 변환하면서 데이터가 손실될 수 있습니다.
C:\Users\gtg06\Documents\GitHub\bird_sprite_2\bird_strike_2\H_Crow.h(24,21): warning C4305: '초기화 중': 'double'에서 'float'(으)로 잘립니다.
C:\Users\gtg06\Documents\GitHub\bird_sprite_2\bird_strike_2\H_Crow.h(24,27): warning C4305: '초기화 중': 'double'에서 'float'(으)로 잘립니다.
C:\Users\gtg06\Documents\GitHub\bird_sprite_2\bird_strike_2\S_Tutorial.cpp(32,53): warning C4244: '인수': 'int'에서 'float'(으)로 변환하면서 데이터가 손실될 수 있습니다.
C:\Users\gtg06\Documents\GitHub\bird_sprite_2\bird_strike_2\S_Tutorial.cpp(33,55): warning C4244: '인수': 'int'에서 'float'(으)로 변환하면서 데이터가 손실될 수 있습니다.
  코드를 생성하고 있습니다.
  5 of 1093 functions ( 0.5%) were compiled, the rest were copied from previous compilation.
    0 functions were new in current compilation
    7 functions had inline decision re-evaluated but remain unchanged
  코드를 생성했습니다.
  bird_strike_2.vcxproj -> C:\Users\gtg06\Documents\GitHub\bird_sprite_2\x64\Release\bird_strike_2.exe

프로젝트 성능 요약:
     4959ms  C:\Users\gtg06\Documents\GitHub\bird_sprite_2\bird_strike_2\bird_strike_2.vcxproj   1회 호출
               4959ms  Build                                      1회 호출

대상 성능 요약:
        0ms  _ResourceCompile                           1회 호출
        0ms  _Link                                      1회 호출
        0ms  AfterLink                                  1회 호출
        0ms  ComputeLinkImportLibraryOutputsForClean    1회 호출
        0ms  ComputeLinkSwitches                        1회 호출
        0ms  PreLinkEvent                               1회 호출
        0ms  DoLinkOutputFilesMatch                     1회 호출
        0ms  MakeDirsForLink                            1회 호출
        0ms  PrepareResourceNames                       1회 호출
        0ms  CreateCustomManifestResourceNames          1회 호출
        0ms  SplitResourcesByCulture                    1회 호출
        0ms  AssignTargetPaths                          1회 호출
        0ms  ComputeManifestInputsTargets               1회 호출
        0ms  _ALink                                     1회 호출
        0ms  ComputeLinkInputsFromProject               1회 호출
        0ms  ComputeCLOutputs                           1회 호출
        0ms  ComputeManifestGeneratedLinkerInputs       1회 호출
        0ms  ComputeRCGeneratedLinkInputs               1회 호출
        0ms  ComputeRCOutputs                           1회 호출
        0ms  BeforeLink                                 1회 호출
        0ms  ComputeLegacyManifestEmbedding             1회 호출
        0ms  BuildLinkTraverse                          1회 호출
        0ms  BuildCompile                               1회 호출
        0ms  _BuildCompileAction                        1회 호출
        0ms  AfterBuildCompileEvent                     1회 호출
        0ms  AfterResourceCompile                       1회 호출
        0ms  ResourceCompile                            1회 호출
        0ms  ComputeCLGeneratedLinkInputs               1회 호출
        0ms  SelectResourceCompile                      1회 호출
        0ms  _Manifest                                  1회 호출
        0ms  ResolvedXDCMake                            1회 호출
        0ms  AfterBuild                                 1회 호출
        0ms  BuildLink                                  1회 호출
        0ms  _BuildLinkAction                           1회 호출
        0ms  PostBuildEvent                             1회 호출
        0ms  PrepareForRun                              1회 호출
        0ms  CopyFilesToOutputDirectory                 1회 호출
        0ms  _CheckForCompileOutputs                    1회 호출
        0ms  _CopySourceItemsToOutputDirectory          1회 호출
        0ms  _GetCopyToOutputDirectoryItemsFromTransitiveProjectReferences   1회 호출
        0ms  GetCopyToOutputDirectoryXamlAppDefs        1회 호출
        0ms  _PopulateCommonStateForGetCopyToOutputDirectoryItems   1회 호출
        0ms  _CopyFilesMarkedCopyLocal                  1회 호출
        0ms  RegisterOutput                             1회 호출
        0ms  _Deploy                                    1회 호출
        0ms  CreateSatelliteAssemblies                  1회 호출
        0ms  _GenerateSatelliteAssemblyInputs           1회 호출
        0ms  ContentFilesProjectOutputGroup             1회 호출
        0ms  MakeDirsForFxc                             1회 호출
        0ms  SatelliteDllsProjectOutputGroup            1회 호출
        0ms  BuiltProjectOutputGroup                    1회 호출
        0ms  _BscMake                                   1회 호출
        0ms  MakeDirsForBscMake                         1회 호출
        0ms  ComputeCLCompileGeneratedSbrFiles          1회 호출
        0ms  _XdcMake                                   1회 호출
        0ms  MakeDirsForXdcMake                         1회 호출
        0ms  ComputeCLCompileGeneratedXDCFiles          1회 호출
        0ms  _Appverifier                               1회 호출
        0ms  MakeDirsForResourceCompile                 1회 호출
        0ms  Build                                      1회 호출
        0ms  _ClCompile                                 1회 호출
        0ms  ComputeCustomBuildOutput                   1회 호출
        0ms  SelectCustomBuild                          1회 호출
        0ms  _SelectedFiles                             1회 호출
        0ms  BeforeResourceCompile                      1회 호출
        0ms  BeforeBuildGenerateSources                 1회 호출
        0ms  BuildGenerateSourcesTraverse               1회 호출
        0ms  ResolveReferences                          1회 호출
        0ms  AfterResolveReferences                     1회 호출
        0ms  ResolveAssemblyReferences                  1회 호출
        0ms  ExpandSDKReferences                        1회 호출
        0ms  CopyFileToFolders                          1회 호출
        0ms  ResolveSDKReferences                       1회 호출
        0ms  GetResolvedWinMD                           1회 호출
        0ms  AddExternalIncludDirectoriesToPaths        1회 호출
        0ms  GetReferenceAssemblyPaths                  1회 호출
        0ms  GetFrameworkPaths                          1회 호출
        0ms  ResolveProjectReferences                   1회 호출
        0ms  PrepareProjectReferences                   1회 호출
        0ms  _AddOutputPathToGlobalPropertiesToRemove   1회 호출
        0ms  _SplitProjectReferencesByFileExistence     1회 호출
        0ms  BeforeResolveReferences                    1회 호출
        0ms  _PrepareForBuild                           1회 호출
        0ms  SetCABuildNativeEnvironmentVariables       1회 호출
        0ms  _Xsd                                       1회 호출
        0ms  PreBuildEvent                              1회 호출
        0ms  FindReferenceAssembliesForReferences       1회 호출
        0ms  AfterClCompile                             1회 호출
        0ms  ComputeReferenceCLInput                    1회 호출
        0ms  VcpkgCheckManifestRoot                     1회 호출
        0ms  ComputeCLInputPDBName                      1회 호출
        0ms  BuildCompileTraverse                       1회 호출
        0ms  BuildGenerateSources                       1회 호출
        0ms  _BuildGenerateSourcesAction                1회 호출
        0ms  BeforeClCompile                            1회 호출
        0ms  AfterBuildGenerateSources                  1회 호출
        0ms  _Midl                                      1회 호출
        0ms  AfterMidl                                  1회 호출
        0ms  ComputeMIDLGeneratedCompileInputs          1회 호출
        0ms  AfterBuildGenerateSourcesEvent             1회 호출
        0ms  MakeDirsForCl                              1회 호출
        1ms  _GetCopyToOutputDirectoryItemsFromThisProject   1회 호출
        1ms  IncrementalClean                           1회 호출
        1ms  TlogCleanup                                1회 호출
        1ms  ComputeStdModulesCompileInputs             1회 호출
        1ms  AssignProjectConfiguration                 1회 호출
        1ms  SetTelemetryEnvironmentVariables           1회 호출
        1ms  VcpkgTripletSelection                      1회 호출
        1ms  _CheckWindowsSDKInstalled                  1회 호출
        1ms  _PrepareForReferenceResolution             1회 호출
        1ms  GetReferencedVCProjectsInfo                1회 호출
        1ms  MakeDirsForMidl                            1회 호출
        1ms  _CleanGetCurrentAndPriorFileWrites         1회 호출
        2ms  GetCopyToOutputDirectoryItems              1회 호출
        2ms  CustomBuild                                1회 호출
        2ms  _GetProjectReferenceTargetFrameworkProperties   1회 호출
        2ms  WarnCompileDuplicatedFilename              1회 호출
        2ms  FinalizeBuildStatus                        1회 호출
        2ms  SetBuildDefaultEnvironmentVariables        1회 호출
        2ms  _CheckForInvalidConfigurationAndPlatform   1회 호출
        3ms  CreateRecipeFile                           1회 호출
        4ms  SelectClCompile                            1회 호출
        4ms  PrepareForBuild                            1회 호출
        4ms  InitializeBuildStatus                      1회 호출
        5ms  FixupCLCompileOptions                      1회 호출
      470ms  Link                                       1회 호출
      540ms  AppLocalFromInstalled                      1회 호출
     3899ms  ClCompile                                  1회 호출

작업 성능 요약:
        0ms  RC                                         1회 호출
        0ms  RemoveDuplicates                           2회 호출
        0ms  ConvertToAbsolutePath                      1회 호출
        0ms  SetRidAgnosticValueForProjects             1회 호출
        0ms  Copy                                       1회 호출
        0ms  CheckVCToolsetVersion                      1회 호출
        0ms  AssignCulture                              1회 호출
        0ms  WriteLinesToFile                           1회 호출
        0ms  AssignTargetPath                           7회 호출
        1ms  CallTarget                                 2회 호출
        1ms  CleanupStaleTlogItems                      1회 호출
        1ms  ReadLinesFromFile                          3회 호출
        1ms  FindUnderPath                              5회 호출
        1ms  AssignProjectConfiguration                 1회 호출
        1ms  MSBuild                                    1회 호출
        1ms  Touch                                      2회 호출
        1ms  Message                                    8회 호출
        1ms  MakeDir                                   10회 호출
        2ms  SetEnv                                    11회 호출
        2ms  GetOutOfDateItems                          3회 호출
        3ms  Delete                                     2회 호출
        3ms  GenerateDesktopDeployRecipe                1회 호출
      470ms  Link                                       1회 호출
      540ms  Exec                                       2회 호출
     3894ms  CL                                         1회 호출
