c:\users\gtg06\documents\github\bird_sprite_2\x64\debug\raylib.dll
c:\users\hongs\onedrive\바탕 화면\bird_sprite_2\x64\debug\raylib.dll
c:\users\bs040\desktop\code\bird\bird_sprite_2\x64\debug\raylib.dll
c:\users\bs040\desktop\code\bird\bird_sprite_2\bird_strike_2\x64\debug\vc143.pdb
c:\users\bs040\desktop\code\bird\bird_sprite_2\bird_strike_2\x64\debug\vc143.idb
c:\users\bs040\desktop\code\bird\bird_sprite_2\bird_strike_2\x64\debug\s_tutorial.obj
c:\users\bs040\desktop\code\bird\bird_sprite_2\bird_strike_2\x64\debug\s_txt_read.obj
c:\users\bs040\desktop\code\bird\bird_sprite_2\bird_strike_2\x64\debug\s_sun.obj
c:\users\bs040\desktop\code\bird\bird_sprite_2\bird_strike_2\x64\debug\s_score.obj
c:\users\bs040\desktop\code\bird\bird_sprite_2\bird_strike_2\x64\debug\s_player.obj
c:\users\bs040\desktop\code\bird\bird_sprite_2\bird_strike_2\x64\debug\s_particle.obj
c:\users\bs040\desktop\code\bird\bird_sprite_2\bird_strike_2\x64\debug\s_option.obj
c:\users\bs040\desktop\code\bird\bird_sprite_2\bird_strike_2\x64\debug\s_mouse.obj
c:\users\bs040\desktop\code\bird\bird_sprite_2\bird_strike_2\x64\debug\main.obj
c:\users\bs040\desktop\code\bird\bird_sprite_2\bird_strike_2\x64\debug\s_image.obj
c:\users\bs040\desktop\code\bird\bird_sprite_2\bird_strike_2\x64\debug\s_gamestate.obj
c:\users\bs040\desktop\code\bird\bird_sprite_2\bird_strike_2\x64\debug\s_drag.obj
c:\users\bs040\desktop\code\bird\bird_sprite_2\bird_strike_2\x64\debug\s_crow.obj
c:\users\bs040\desktop\code\bird\bird_sprite_2\bird_strike_2\x64\debug\s_beat_system.obj
c:\users\bs040\desktop\code\bird\bird_sprite_2\bird_strike_2\x64\debug\s_audio.obj
c:\users\bs040\desktop\code\bird\bird_sprite_2\bird_strike_2\x64\debug\h_txt_read.obj
c:\users\bs040\desktop\code\bird\bird_sprite_2\bird_strike_2\x64\debug\s_crow_pattern.obj
c:\users\bs040\desktop\code\bird\bird_sprite_2\x64\debug\bird_strike_2.exe
c:\users\bs040\desktop\code\bird\bird_sprite_2\bird_strike_2\x64\debug\bird_strike_2.ilk
c:\users\bs040\desktop\code\bird\bird_sprite_2\x64\debug\bird_strike_2.pdb
c:\users\bs040\desktop\code\bird\bird_sprite_2\bird_strike_2\x64\debug\bird_strike_2.res
c:\users\gtg06\documents\github\bird_sprite_2\bird_strike_2\x64\debug\bird_strike_2.ilk
c:\users\gtg06\documents\github\bird_sprite_2\bird_strike_2\x64\debug\bird_strike_2.res
c:\users\gtg06\documents\github\bird_sprite_2\bird_strike_2\x64\debug\vc143.idb
c:\users\gtg06\documents\github\bird_sprite_2\bird_strike_2\x64\debug\vc143.pdb
c:\users\gtg06\documents\github\bird_sprite_2\x64\debug\bird_strike_2.pdb
c:\users\gtg06\documents\github\bird_sprite_2\bird_strike_2\x64\debug\bird_strike_2.tlog\bird_strike_2.write.1u.tlog
c:\users\gtg06\documents\github\bird_sprite_2\bird_strike_2\x64\debug\bird_strike_2.tlog\cl.command.1.tlog
c:\users\gtg06\documents\github\bird_sprite_2\bird_strike_2\x64\debug\bird_strike_2.tlog\cl.items.tlog
c:\users\gtg06\documents\github\bird_sprite_2\bird_strike_2\x64\debug\bird_strike_2.tlog\cl.read.1.tlog
c:\users\gtg06\documents\github\bird_sprite_2\bird_strike_2\x64\debug\bird_strike_2.tlog\cl.write.1.tlog
c:\users\gtg06\documents\github\bird_sprite_2\bird_strike_2\x64\debug\bird_strike_2.tlog\link.command.1.tlog
c:\users\gtg06\documents\github\bird_sprite_2\bird_strike_2\x64\debug\bird_strike_2.tlog\link.read.1.tlog
c:\users\gtg06\documents\github\bird_sprite_2\bird_strike_2\x64\debug\bird_strike_2.tlog\link.write.1.tlog
c:\users\gtg06\documents\github\bird_sprite_2\bird_strike_2\x64\debug\bird_strike_2.tlog\rc.command.1.tlog
c:\users\gtg06\documents\github\bird_sprite_2\bird_strike_2\x64\debug\bird_strike_2.tlog\rc.read.1.tlog
c:\users\gtg06\documents\github\bird_sprite_2\bird_strike_2\x64\debug\bird_strike_2.tlog\rc.write.1.tlog
