  S_Score.cpp
C:\Users\gtg06\Documents\GitHub\bird_sprite_2\bird_strike_2\H_Crow.h(21,35): warning C4244: '초기화 중': 'double'에서 'int'(으)로 변환하면서 데이터가 손실될 수 있습니다.
C:\Users\gtg06\Documents\GitHub\bird_sprite_2\bird_strike_2\H_Crow.h(24,21): warning C4305: '초기화 중': 'double'에서 'float'(으)로 잘립니다.
C:\Users\gtg06\Documents\GitHub\bird_sprite_2\bird_strike_2\H_Crow.h(24,27): warning C4305: '초기화 중': 'double'에서 'float'(으)로 잘립니다.
C:\Users\gtg06\Documents\GitHub\bird_sprite_2\bird_strike_2\S_Score.cpp(12,30): warning C4244: '초기화 중': 'float'에서 'int'(으)로 변환하면서 데이터가 손실될 수 있습니다.
C:\Users\gtg06\Documents\GitHub\bird_sprite_2\bird_strike_2\S_Score.cpp(15,13): warning C4244: '초기화 중': 'float'에서 'int'(으)로 변환하면서 데이터가 손실될 수 있습니다.
C:\Users\gtg06\Documents\GitHub\bird_sprite_2\bird_strike_2\S_Score.cpp(35,17): warning C4305: '-=': 'double'에서 'float'(으)로 잘립니다.
C:\Users\gtg06\Documents\GitHub\bird_sprite_2\bird_strike_2\S_Score.cpp(36,30): warning C4838: 'int'에서 'unsigned char'(으)로의 변환에는 축소 변환이 필요합니다.
C:\Users\gtg06\Documents\GitHub\bird_sprite_2\bird_strike_2\S_Score.cpp(37,42): warning C4838: 'float'에서 'unsigned char'(으)로의 변환에는 축소 변환이 필요합니다.
C:\Users\gtg06\Documents\GitHub\bird_sprite_2\bird_strike_2\S_Score.cpp(37,42): warning C4244: '초기화 중': 'float'에서 'unsigned char'(으)로 변환하면서 데이터가 손실될 수 있습니다.
C:\Users\gtg06\Documents\GitHub\bird_sprite_2\bird_strike_2\S_Score.cpp(42,62): warning C4244: '인수': 'int'에서 'float'(으)로 변환하면서 데이터가 손실될 수 있습니다.
C:\Users\gtg06\Documents\GitHub\bird_sprite_2\bird_strike_2\S_Score.cpp(42,45): warning C4244: '인수': 'int'에서 'float'(으)로 변환하면서 데이터가 손실될 수 있습니다.
C:\Users\gtg06\Documents\GitHub\bird_sprite_2\bird_strike_2\S_Score.cpp(45,4): warning C4244: '인수': 'int'에서 'float'(으)로 변환하면서 데이터가 손실될 수 있습니다.
C:\Users\gtg06\Documents\GitHub\bird_sprite_2\bird_strike_2\S_Score.cpp(44,4): warning C4244: '인수': 'int'에서 'float'(으)로 변환하면서 데이터가 손실될 수 있습니다.
C:\Users\gtg06\Documents\GitHub\bird_sprite_2\bird_strike_2\S_Score.cpp(52,62): warning C4244: '인수': 'int'에서 'float'(으)로 변환하면서 데이터가 손실될 수 있습니다.
C:\Users\gtg06\Documents\GitHub\bird_sprite_2\bird_strike_2\S_Score.cpp(52,45): warning C4244: '인수': 'int'에서 'float'(으)로 변환하면서 데이터가 손실될 수 있습니다.
C:\Users\gtg06\Documents\GitHub\bird_sprite_2\bird_strike_2\S_Score.cpp(55,4): warning C4244: '인수': 'int'에서 'float'(으)로 변환하면서 데이터가 손실될 수 있습니다.
C:\Users\gtg06\Documents\GitHub\bird_sprite_2\bird_strike_2\S_Score.cpp(54,4): warning C4244: '인수': 'int'에서 'float'(으)로 변환하면서 데이터가 손실될 수 있습니다.
C:\Users\gtg06\Documents\GitHub\bird_sprite_2\bird_strike_2\S_Score.cpp(167,75): warning C4244: '인수': 'int'에서 'float'(으)로 변환하면서 데이터가 손실될 수 있습니다.
C:\Users\gtg06\Documents\GitHub\bird_sprite_2\bird_strike_2\S_Score.cpp(168,73): warning C4244: '인수': 'int'에서 'float'(으)로 변환하면서 데이터가 손실될 수 있습니다.
C:\Users\gtg06\Documents\GitHub\bird_sprite_2\bird_strike_2\S_Score.cpp(170,5): warning C4244: '인수': 'int'에서 'float'(으)로 변환하면서 데이터가 손실될 수 있습니다.
C:\Users\gtg06\Documents\GitHub\bird_sprite_2\bird_strike_2\S_Score.cpp(178,75): warning C4244: '인수': 'int'에서 'float'(으)로 변환하면서 데이터가 손실될 수 있습니다.
C:\Users\gtg06\Documents\GitHub\bird_sprite_2\bird_strike_2\S_Score.cpp(179,73): warning C4244: '인수': 'int'에서 'float'(으)로 변환하면서 데이터가 손실될 수 있습니다.
C:\Users\gtg06\Documents\GitHub\bird_sprite_2\bird_strike_2\S_Score.cpp(181,5): warning C4244: '인수': 'int'에서 'float'(으)로 변환하면서 데이터가 손실될 수 있습니다.
C:\Users\gtg06\Documents\GitHub\bird_sprite_2\bird_strike_2\S_Score.cpp(185,57): warning C4244: '=': 'float'에서 'int'(으)로 변환하면서 데이터가 손실될 수 있습니다.
C:\Users\gtg06\Documents\GitHub\bird_sprite_2\bird_strike_2\S_Score.cpp(189,56): warning C4244: '=': 'float'에서 'int'(으)로 변환하면서 데이터가 손실될 수 있습니다.
  bird_strike_2.vcxproj -> C:\Users\gtg06\Documents\GitHub\bird_sprite_2\x64\Debug\bird_strike_2.exe

프로젝트 성능 요약:
     1270ms  C:\Users\gtg06\Documents\GitHub\bird_sprite_2\bird_strike_2\bird_strike_2.vcxproj   1회 호출
               1270ms  Build                                      1회 호출

대상 성능 요약:
        0ms  _CheckForInvalidConfigurationAndPlatform   1회 호출
        0ms  _Manifest                                  1회 호출
        0ms  _ALink                                     1회 호출
        0ms  _Link                                      1회 호출
        0ms  AfterLink                                  1회 호출
        0ms  ComputeLinkImportLibraryOutputsForClean    1회 호출
        0ms  ComputeLinkSwitches                        1회 호출
        0ms  PreLinkEvent                               1회 호출
        0ms  DoLinkOutputFilesMatch                     1회 호출
        0ms  MakeDirsForLink                            1회 호출
        0ms  PrepareResourceNames                       1회 호출
        0ms  CreateCustomManifestResourceNames          1회 호출
        0ms  SplitResourcesByCulture                    1회 호출
        0ms  ResolvedXDCMake                            1회 호출
        0ms  ComputeManifestInputsTargets               1회 호출
        0ms  ComputeCLGeneratedLinkInputs               1회 호출
        0ms  ComputeCLOutputs                           1회 호출
        0ms  ComputeManifestGeneratedLinkerInputs       1회 호출
        0ms  ComputeRCGeneratedLinkInputs               1회 호출
        0ms  ComputeRCOutputs                           1회 호출
        0ms  BeforeLink                                 1회 호출
        0ms  ComputeLegacyManifestEmbedding             1회 호출
        0ms  BuildLinkTraverse                          1회 호출
        0ms  BuildCompile                               1회 호출
        0ms  _BuildCompileAction                        1회 호출
        0ms  AfterBuildCompileEvent                     1회 호출
        0ms  AfterResourceCompile                       1회 호출
        0ms  ComputeLinkInputsFromProject               1회 호출
        0ms  ResourceCompile                            1회 호출
        0ms  ComputeCLCompileGeneratedXDCFiles          1회 호출
        0ms  _XdcMake                                   1회 호출
        0ms  TlogCleanup                                1회 호출
        0ms  _CleanGetCurrentAndPriorFileWrites         1회 호출
        0ms  AfterBuild                                 1회 호출
        0ms  BuildLink                                  1회 호출
        0ms  _BuildLinkAction                           1회 호출
        0ms  PostBuildEvent                             1회 호출
        0ms  PrepareForRun                              1회 호출
        0ms  CopyFilesToOutputDirectory                 1회 호출
        0ms  _CheckForCompileOutputs                    1회 호출
        0ms  _CopySourceItemsToOutputDirectory          1회 호출
        0ms  _GetCopyToOutputDirectoryItemsFromThisProject   1회 호출
        0ms  _GetCopyToOutputDirectoryItemsFromTransitiveProjectReferences   1회 호출
        0ms  MakeDirsForXdcMake                         1회 호출
        0ms  GetCopyToOutputDirectoryItems              1회 호출
        0ms  _PopulateCommonStateForGetCopyToOutputDirectoryItems   1회 호출
        0ms  _Deploy                                    1회 호출
        0ms  _Appverifier                               1회 호출
        0ms  CreateSatelliteAssemblies                  1회 호출
        0ms  _GenerateSatelliteAssemblyInputs           1회 호출
        0ms  ContentFilesProjectOutputGroup             1회 호출
        0ms  MakeDirsForFxc                             1회 호출
        0ms  SatelliteDllsProjectOutputGroup            1회 호출
        0ms  BuiltProjectOutputGroup                    1회 호출
        0ms  _BscMake                                   1회 호출
        0ms  MakeDirsForBscMake                         1회 호출
        0ms  ComputeCLCompileGeneratedSbrFiles          1회 호출
        0ms  GetCopyToOutputDirectoryXamlAppDefs        1회 호출
        0ms  SelectResourceCompile                      1회 호출
        0ms  _ResourceCompile                           1회 호출
        0ms  BeforeResourceCompile                      1회 호출
        0ms  MakeDirsForResourceCompile                 1회 호출
        0ms  SelectCustomBuild                          1회 호출
        0ms  _SelectedFiles                             1회 호출
        0ms  PreBuildEvent                              1회 호출
        0ms  BeforeBuildGenerateSources                 1회 호출
        0ms  BuildGenerateSourcesTraverse               1회 호출
        0ms  ResolveReferences                          1회 호출
        0ms  AfterResolveReferences                     1회 호출
        0ms  ResolveAssemblyReferences                  1회 호출
        0ms  ExpandSDKReferences                        1회 호출
        0ms  ResolveSDKReferences                       1회 호출
        0ms  SetCABuildNativeEnvironmentVariables       1회 호출
        0ms  _CheckWindowsSDKInstalled                  1회 호출
        0ms  GetResolvedWinMD                           1회 호출
        0ms  AddExternalIncludDirectoriesToPaths        1회 호출
        0ms  GetReferenceAssemblyPaths                  1회 호출
        0ms  GetFrameworkPaths                          1회 호출
        0ms  ResolveProjectReferences                   1회 호출
        0ms  PrepareProjectReferences                   1회 호출
        0ms  _AddOutputPathToGlobalPropertiesToRemove   1회 호출
        0ms  _SplitProjectReferencesByFileExistence     1회 호출
        0ms  AssignProjectConfiguration                 1회 호출
        0ms  BeforeResolveReferences                    1회 호출
        0ms  _PrepareForReferenceResolution             1회 호출
        0ms  SetTelemetryEnvironmentVariables           1회 호출
        0ms  CopyFileToFolders                          1회 호출
        0ms  _Xsd                                       1회 호출
        0ms  ComputeCustomBuildOutput                   1회 호출
        0ms  ComputeMIDLGeneratedCompileInputs          1회 호출
        0ms  _ClCompile                                 1회 호출
        0ms  AfterClCompile                             1회 호출
        0ms  VcpkgCheckManifestRoot                     1회 호출
        0ms  VcpkgTripletSelection                      1회 호출
        0ms  SelectClCompile                            1회 호출
        0ms  MakeDirsForCl                              1회 호출
        0ms  WarnCompileDuplicatedFilename              1회 호출
        0ms  ComputeReferenceCLInput                    1회 호출
        0ms  MakeDirsForMidl                            1회 호출
        0ms  FindReferenceAssembliesForReferences       1회 호출
        0ms  BeforeClCompile                            1회 호출
        0ms  GetReferencedVCProjectsInfo                1회 호출
        0ms  Build                                      1회 호출
        0ms  BuildGenerateSources                       1회 호출
        0ms  AfterMidl                                  1회 호출
        0ms  _Midl                                      1회 호출
        0ms  BuildCompileTraverse                       1회 호출
        0ms  AfterBuildGenerateSources                  1회 호출
        0ms  _BuildGenerateSourcesAction                1회 호출
        0ms  AfterBuildGenerateSourcesEvent             1회 호출
        1ms  FixupCLCompileOptions                      1회 호출
        1ms  ComputeCLInputPDBName                      1회 호출
        1ms  _GetProjectReferenceTargetFrameworkProperties   1회 호출
        1ms  RegisterOutput                             1회 호출
        1ms  SetBuildDefaultEnvironmentVariables        1회 호출
        1ms  CreateRecipeFile                           1회 호출
        2ms  _CopyFilesMarkedCopyLocal                  1회 호출
        2ms  ComputeStdModulesCompileInputs             1회 호출
        2ms  FinalizeBuildStatus                        1회 호출
        2ms  CustomBuild                                1회 호출
        2ms  InitializeBuildStatus                      1회 호출
        3ms  _PrepareForBuild                           1회 호출
        3ms  PrepareForBuild                            1회 호출
        3ms  IncrementalClean                           1회 호출
        8ms  AssignTargetPaths                          1회 호출
      110ms  Link                                       1회 호출
      514ms  AppLocalFromInstalled                      1회 호출
      615ms  ClCompile                                  1회 호출

작업 성능 요약:
        0ms  Message                                    8회 호출
        0ms  RemoveDuplicates                           2회 호출
        0ms  FindUnderPath                              5회 호출
        0ms  ConvertToAbsolutePath                      1회 호출
        0ms  CallTarget                                 2회 호출
        0ms  GenerateDesktopDeployRecipe                1회 호출
        0ms  AssignCulture                              1회 호출
        0ms  AssignTargetPath                           7회 호출
        0ms  Delete                                     2회 호출
        0ms  RC                                         1회 호출
        0ms  CheckVCToolsetVersion                      1회 호출
        0ms  SetRidAgnosticValueForProjects             1회 호출
        0ms  MSBuild                                    1회 호출
        0ms  AssignProjectConfiguration                 1회 호출
        0ms  Touch                                      2회 호출
        0ms  CleanupStaleTlogItems                      1회 호출
        1ms  MakeDir                                   10회 호출
        1ms  SetEnv                                    11회 호출
        1ms  WriteLinesToFile                           1회 호출
        1ms  ReadLinesFromFile                          3회 호출
        2ms  Copy                                       1회 호출
        2ms  GetOutOfDateItems                          3회 호출
      110ms  Link                                       1회 호출
      514ms  Exec                                       2회 호출
      607ms  CL                                         1회 호출
